/home/samuel/CLionProjects/EvoMotion/cmake-build-debug/evo_motion robot_walk ppo_gae --agent_parameters hidden_size=512 seed=1234 learning_rate=1e-4 batch_size=64 train_every=16 replay_buffer_size=128 gamma=0.99 epsilon=0.2 lambda=0.95 epoch=10 critic_loss_factor=0.5 entropy_factor=0.01 clip_grad_norm=0.5 --env_num_threads 14 --env_seed 1234 --cuda train ./out/robot_walk_ppo_fix --episodes 1024 --nb_saves 4096
state_space = 371, action_space = 12
parameters_count = 923161
Save -1, actor_loss = -0.030278, critic_loss = 0.302003, steps = 115.421875 [==============================] 100% [06m:04s<00m:00s]
Save 0, actor_loss = -0.019577, critic_loss = 0.329841, steps = 144.718750 [==============================] 100% [08m:07s<00m:00s]
Save 1, actor_loss = -0.012906, critic_loss = 0.342023, steps = 237.062500 [==============================] 100% [10m:59s<00m:00s]
Save 2, actor_loss = -0.008976, critic_loss = 0.353807, steps = 289.906250 [==============================] 100% [14m:16s<00m:00s]
Save 3, actor_loss = -0.000759, critic_loss = 0.389127, steps = 410.750000 [==============================] 100% [19m:51s<00m:00s]
Save 4, actor_loss = 0.002124, critic_loss = 0.411051, steps = 659.062500 [==============================] 100% [31m:15s<00m:00s]
Save 5, actor_loss = 0.004156, critic_loss = 0.439716, steps = 1153.984375 [==============================] 100% [47m:13s<00m:00s]
Save 6, actor_loss = 0.005468, critic_loss = 0.448054, steps = 1263.593750 [==============================] 100% [01h:03m:15s<00m:00s]
Save 7, actor_loss = 0.004484, critic_loss = 0.456556, steps = 1548.343750 [==============================] 100% [01h:14m:46s<00m:00s]
Save 8, actor_loss = 0.004840, critic_loss = 0.455221, steps = 1625.500000 [==============================] 100% [01h:22m:11s<00m:00s]
Save 9, actor_loss = 0.003261, critic_loss = 0.443644, steps = 1605.359375 [==============================] 100% [01h:26m:31s<00m:00s]
Save 10, actor_loss = 0.003974, critic_loss = 0.452740, steps = 1727.859375 [==============================] 100% [01h:30m:02s<00m:00s]
Save 11, actor_loss = 0.004341, critic_loss = 0.451212, steps = 1658.203125 [==============================] 100% [01h:32m:21s<00m:00s]
Save 12, actor_loss = 0.005388, critic_loss = 0.453374, steps = 1667.187500 [==============================] 100% [01h:32m:17s<00m:00s]
Save 13, actor_loss = 0.004017, critic_loss = 0.454894, steps = 1734.984375 [==============================] 100% [01h:33m:26s<00m:00s]
Save 14, actor_loss = 0.004806, critic_loss = 0.456299, steps = 1733.703125 [==============================] 100% [01h:33m:14s<00m:00s]
Save 15, actor_loss = 0.004127, critic_loss = 0.468424, steps = 1771.937500 [==============================] 100% [01h:35m:05s<00m:00s]
Save 16, actor_loss = 0.003529, critic_loss = 0.465257, steps = 1799.000000 [==============================] 100% [01h:37m:22s<00m:00s]
Save 17, actor_loss = 0.003580, critic_loss = 0.469869, steps = 1744.968750 [==============================] 100% [01h:35m:48s<00m:00s]
Save 18, actor_loss = 0.003548, critic_loss = 0.482406, steps = 1718.125000 [==============================] 100% [01h:39m:38s<00m:00s]
Save 19, actor_loss = 0.005651, critic_loss = 0.501374, steps = 1771.968750 [==============================] 100% [01h:42m:24s<00m:00s]
Save 20, actor_loss = 0.005416, critic_loss = 0.509376, steps = 1771.828125 [==============================] 100% [01h:38m:20s<00m:00s]
Save 21, actor_loss = 0.005580, critic_loss = 0.516769, steps = 1799.000000 [==============================] 100% [01h:38m:58s<00m:00s]
Save 22, actor_loss = 0.004803, critic_loss = 0.510083, steps = 1772.156250 [==============================] 100% [01h:37m:02s<00m:00s]
Save 23, actor_loss = 0.005363, critic_loss = 0.547805, steps = 1799.000000 [==============================] 100% [01h:39m:30s<00m:00s]
Save 24, actor_loss = 0.004913, critic_loss = 0.545893, steps = 1795.843750 [==============================] 100% [01h:35m:55s<00m:00s]
Save 25, actor_loss = 0.004920, critic_loss = 0.545866, steps = 1799.000000 [==============================] 100% [01h:37m:40s<00m:00s]
Save 26, actor_loss = 0.005276, critic_loss = 0.572501, steps = 1767.140625 [==============================] 100% [01h:36m:44s<00m:00s]
Save 27, actor_loss = 0.005176, critic_loss = 0.594507, steps = 1721.062500 [==============================] 100% [01h:34m:40s<00m:00s]
Save 28, actor_loss = 0.005182, critic_loss = 0.620742, steps = 1799.000000 [==============================] 100% [01h:35m:45s<00m:00s]
Save 29, actor_loss = 0.006227, critic_loss = 0.653873, steps = 1782.015625 [==============================] 100% [01h:37m:11s<00m:00s]
Save 30, actor_loss = 0.005499, critic_loss = 0.685032, steps = 1718.062500 [==============================] 100% [01h:37m:44s<00m:00s]
Save 31, actor_loss = 0.006953, critic_loss = 0.692479, steps = 1706.062500 [==============================] 100% [01h:38m:00s<00m:00s]
Save 32, actor_loss = 0.007829, critic_loss = 0.742672, steps = 1745.000000 [==============================] 100% [01h:38m:41s<00m:00s]
Save 33, actor_loss = 0.005401, critic_loss = 0.718426, steps = 1773.828125 [==============================] 100% [01h:37m:37s<00m:00s]
Save 34, actor_loss = 0.007107, critic_loss = 0.797593, steps = 1799.000000 [==============================] 100% [01h:37m:25s<00m:00s]
Save 35, actor_loss = 0.005325, critic_loss = 0.845214, steps = 1799.000000 [==============================] 100% [01h:38m:33s<00m:00s]
Save 36, actor_loss = 0.005885, critic_loss = 0.889025, steps = 1772.031250 [==============================] 100% [01h:36m:37s<00m:00s]
Save 37, actor_loss = 0.004683, critic_loss = 0.932417, steps = 1664.468750 [==============================] 100% [01h:34m:08s<00m:00s]
Save 38, actor_loss = 0.006026, critic_loss = 0.957300, steps = 1772.281250 [==============================] 100% [01h:37m:34s<00m:00s]
Save 39, actor_loss = 0.004729, critic_loss = 1.012270, steps = 1799.000000 [==============================] 100% [01h:36m:25s<00m:00s]
Save 40, actor_loss = 0.004341, critic_loss = 1.021084, steps = 1772.328125 [==============================] 100% [01h:37m:25s<00m:00s]
Save 41, actor_loss = 0.005796, critic_loss = 1.161489, steps = 1746.718750 [==============================] 100% [01h:36m:46s<00m:00s]
Save 42, actor_loss = 0.004961, critic_loss = 1.179949, steps = 1773.125000 [==============================] 100% [01h:35m:52s<00m:00s]
Save 43, actor_loss = 0.004366, critic_loss = 1.337286, steps = 1799.000000 [==============================] 100% [01h:37m:14s<00m:00s]
Save 44, actor_loss = 0.004572, critic_loss = 1.259070, steps = 1799.000000 [==============================] 100% [01h:37m:51s<00m:00s]
Save 45, actor_loss = 0.003969, critic_loss = 1.125342, steps = 1783.734375 [==============================] 100% [01h:37m:42s<00m:00s]
Save 46, actor_loss = nan, critic_loss = nan, steps = 1799.000000 [=========================>    ] 84% [04h:45m:45s<52m:55s]
Process finished with exit code 143 (interrupted by signal 15:SIGTERM)